2024-05-27T14:32:13.015-06:00  INFO 28088 --- [main] g.e.c.s.SistemaEpsApplicationTests       : Starting SistemaEpsApplicationTests using Java 17.0.10 with PID 28088 (started by edvin in /home/edvin/workplace/backend/sistema-eps)
2024-05-27T14:32:13.016-06:00  INFO 28088 --- [main] g.e.c.s.SistemaEpsApplicationTests       : The following 1 profile is active: "DEV"
2024-05-27T14:32:13.423-06:00  INFO 28088 --- [main] .s.d.r.c.RepositoryConfigurationDelegate : Bootstrapping Spring Data JPA repositories in DEFAULT mode.
2024-05-27T14:32:13.540-06:00  INFO 28088 --- [main] .s.d.r.c.RepositoryConfigurationDelegate : Finished Spring Data repository scanning in 113 ms. Found 26 JPA repository interfaces.
2024-05-27T14:32:13.892-06:00  INFO 28088 --- [main] com.zaxxer.hikari.HikariDataSource       : HikariPool-1 - Starting...
2024-05-27T14:32:14.104-06:00  INFO 28088 --- [main] com.zaxxer.hikari.pool.HikariPool        : HikariPool-1 - Added connection com.mysql.cj.jdbc.ConnectionImpl@dc1fadd
2024-05-27T14:32:14.106-06:00  INFO 28088 --- [main] com.zaxxer.hikari.HikariDataSource       : HikariPool-1 - Start completed.
2024-05-27T14:32:14.144-06:00  INFO 28088 --- [main] o.hibernate.jpa.internal.util.LogHelper  : HHH000204: Processing PersistenceUnitInfo [name: default]
2024-05-27T14:32:14.171-06:00  INFO 28088 --- [main] org.hibernate.Version                    : HHH000412: Hibernate ORM core version 6.2.13.Final
2024-05-27T14:32:14.172-06:00  INFO 28088 --- [main] org.hibernate.cfg.Environment            : HHH000406: Using bytecode reflection optimizer
2024-05-27T14:32:14.296-06:00  INFO 28088 --- [main] o.s.o.j.p.SpringPersistenceUnitInfo      : No LoadTimeWeaver setup: ignoring JPA class transformer
2024-05-27T14:32:15.167-06:00  INFO 28088 --- [main] o.h.e.t.j.p.i.JtaPlatformInitiator       : HHH000489: No JTA platform available (set 'hibernate.transaction.jta.platform' to enable JTA platform integration)
2024-05-27T14:32:15.169-06:00  INFO 28088 --- [main] j.LocalContainerEntityManagerFactoryBean : Initialized JPA EntityManagerFactory for persistence unit 'default'
2024-05-27T14:32:15.376-06:00  INFO 28088 --- [main] o.s.d.j.r.query.QueryEnhancerFactory     : Hibernate is in classpath; If applicable, HQL parser will be used.
2024-05-27T14:32:16.424-06:00  WARN 28088 --- [main] JpaBaseConfiguration$JpaWebConfiguration : spring.jpa.open-in-view is enabled by default. Therefore, database queries may be performed during view rendering. Explicitly configure spring.jpa.open-in-view to disable this warning
2024-05-27T14:32:16.480-06:00  INFO 28088 --- [main] o.s.s.web.DefaultSecurityFilterChain     : Will secure any request with [org.springframework.security.web.session.DisableEncodeUrlFilter@753cc26d, org.springframework.security.web.context.request.async.WebAsyncManagerIntegrationFilter@1b33bbbe, org.springframework.security.web.context.SecurityContextHolderFilter@623c181c, org.springframework.security.web.header.HeaderWriterFilter@43af513c, org.springframework.web.filter.CorsFilter@5b0eb43f, org.springframework.security.web.authentication.logout.LogoutFilter@28b992e0, gt.edu.cunoc.sistemaeps.jwt.JwtAuthFilter@23138317, org.springframework.security.web.savedrequest.RequestCacheAwareFilter@75ac2594, org.springframework.security.web.servletapi.SecurityContextHolderAwareRequestFilter@3a3a0b3b, org.springframework.security.web.authentication.AnonymousAuthenticationFilter@19106753, org.springframework.security.web.session.SessionManagementFilter@781ce680, org.springframework.security.web.access.ExceptionTranslationFilter@40053c7a, org.springframework.security.web.access.intercept.AuthorizationFilter@5e5616f2]
2024-05-27T14:32:16.841-06:00  INFO 28088 --- [main] g.e.c.s.SistemaEpsApplicationTests       : Started SistemaEpsApplicationTests in 3.99 seconds (process running for 4.572)
2024-05-27T14:32:17.299-06:00  INFO 28088 --- [SpringApplicationShutdownHook] j.LocalContainerEntityManagerFactoryBean : Closing JPA EntityManagerFactory for persistence unit 'default'
2024-05-27T14:32:17.300-06:00  INFO 28088 --- [SpringApplicationShutdownHook] com.zaxxer.hikari.HikariDataSource       : HikariPool-1 - Shutdown initiated...
2024-05-27T14:32:17.304-06:00  INFO 28088 --- [SpringApplicationShutdownHook] com.zaxxer.hikari.HikariDataSource       : HikariPool-1 - Shutdown completed.
2024-05-27T14:38:53.462-06:00  INFO 28462 --- [main] g.e.c.s.SistemaEpsApplicationTests       : Starting SistemaEpsApplicationTests using Java 17.0.10 with PID 28462 (started by edvin in /home/edvin/workplace/backend/sistema-eps)
2024-05-27T14:38:53.463-06:00  INFO 28462 --- [main] g.e.c.s.SistemaEpsApplicationTests       : The following 1 profile is active: "DEV"
2024-05-27T14:38:53.938-06:00  INFO 28462 --- [main] .s.d.r.c.RepositoryConfigurationDelegate : Bootstrapping Spring Data JPA repositories in DEFAULT mode.
2024-05-27T14:38:54.123-06:00  INFO 28462 --- [main] .s.d.r.c.RepositoryConfigurationDelegate : Finished Spring Data repository scanning in 180 ms. Found 26 JPA repository interfaces.
2024-05-27T14:38:54.671-06:00  INFO 28462 --- [main] com.zaxxer.hikari.HikariDataSource       : HikariPool-1 - Starting...
2024-05-27T14:38:54.925-06:00  INFO 28462 --- [main] com.zaxxer.hikari.pool.HikariPool        : HikariPool-1 - Added connection com.mysql.cj.jdbc.ConnectionImpl@78479f2b
2024-05-27T14:38:54.927-06:00  INFO 28462 --- [main] com.zaxxer.hikari.HikariDataSource       : HikariPool-1 - Start completed.
2024-05-27T14:38:54.973-06:00  INFO 28462 --- [main] o.hibernate.jpa.internal.util.LogHelper  : HHH000204: Processing PersistenceUnitInfo [name: default]
2024-05-27T14:38:54.999-06:00  INFO 28462 --- [main] org.hibernate.Version                    : HHH000412: Hibernate ORM core version 6.2.13.Final
2024-05-27T14:38:55.001-06:00  INFO 28462 --- [main] org.hibernate.cfg.Environment            : HHH000406: Using bytecode reflection optimizer
2024-05-27T14:38:55.200-06:00  INFO 28462 --- [main] o.s.o.j.p.SpringPersistenceUnitInfo      : No LoadTimeWeaver setup: ignoring JPA class transformer
2024-05-27T14:38:56.180-06:00  INFO 28462 --- [main] o.h.e.t.j.p.i.JtaPlatformInitiator       : HHH000489: No JTA platform available (set 'hibernate.transaction.jta.platform' to enable JTA platform integration)
2024-05-27T14:38:56.182-06:00  INFO 28462 --- [main] j.LocalContainerEntityManagerFactoryBean : Initialized JPA EntityManagerFactory for persistence unit 'default'
2024-05-27T14:38:56.487-06:00  INFO 28462 --- [main] o.s.d.j.r.query.QueryEnhancerFactory     : Hibernate is in classpath; If applicable, HQL parser will be used.
2024-05-27T14:38:57.583-06:00  WARN 28462 --- [main] JpaBaseConfiguration$JpaWebConfiguration : spring.jpa.open-in-view is enabled by default. Therefore, database queries may be performed during view rendering. Explicitly configure spring.jpa.open-in-view to disable this warning
2024-05-27T14:38:57.646-06:00  INFO 28462 --- [main] o.s.s.web.DefaultSecurityFilterChain     : Will secure any request with [org.springframework.security.web.session.DisableEncodeUrlFilter@a2cf1b6, org.springframework.security.web.context.request.async.WebAsyncManagerIntegrationFilter@c444506, org.springframework.security.web.context.SecurityContextHolderFilter@3a3a0b3b, org.springframework.security.web.header.HeaderWriterFilter@359c9b3b, org.springframework.web.filter.CorsFilter@22c5a7fd, org.springframework.security.web.authentication.logout.LogoutFilter@162796e1, gt.edu.cunoc.sistemaeps.jwt.JwtAuthFilter@34b294c4, org.springframework.security.web.savedrequest.RequestCacheAwareFilter@d57624a, org.springframework.security.web.servletapi.SecurityContextHolderAwareRequestFilter@7f446346, org.springframework.security.web.authentication.AnonymousAuthenticationFilter@38f57609, org.springframework.security.web.session.SessionManagementFilter@7d0bca3d, org.springframework.security.web.access.ExceptionTranslationFilter@25102e0, org.springframework.security.web.access.intercept.AuthorizationFilter@1b33bbbe]
2024-05-27T14:38:58.024-06:00  INFO 28462 --- [main] g.e.c.s.SistemaEpsApplicationTests       : Started SistemaEpsApplicationTests in 4.8 seconds (process running for 5.524)
2024-05-27T14:38:58.596-06:00  INFO 28462 --- [SpringApplicationShutdownHook] j.LocalContainerEntityManagerFactoryBean : Closing JPA EntityManagerFactory for persistence unit 'default'
2024-05-27T14:38:58.599-06:00  INFO 28462 --- [SpringApplicationShutdownHook] com.zaxxer.hikari.HikariDataSource       : HikariPool-1 - Shutdown initiated...
2024-05-27T14:38:58.605-06:00  INFO 28462 --- [SpringApplicationShutdownHook] com.zaxxer.hikari.HikariDataSource       : HikariPool-1 - Shutdown completed.
2024-05-27T14:39:15.167-06:00  INFO 28631 --- [main] g.e.c.s.SistemaEpsApplicationTests       : Starting SistemaEpsApplicationTests using Java 17.0.10 with PID 28631 (started by edvin in /home/edvin/workplace/backend/sistema-eps)
2024-05-27T14:39:15.168-06:00 DEBUG 28631 --- [main] g.e.c.s.SistemaEpsApplicationTests       : Running with Spring Boot v3.1.5, Spring v6.0.13
2024-05-27T14:39:15.168-06:00  INFO 28631 --- [main] g.e.c.s.SistemaEpsApplicationTests       : The following 1 profile is active: "DEV"
2024-05-27T14:39:15.689-06:00  INFO 28631 --- [main] .s.d.r.c.RepositoryConfigurationDelegate : Bootstrapping Spring Data JPA repositories in DEFAULT mode.
2024-05-27T14:39:15.835-06:00  INFO 28631 --- [main] .s.d.r.c.RepositoryConfigurationDelegate : Finished Spring Data repository scanning in 141 ms. Found 26 JPA repository interfaces.
2024-05-27T14:39:16.286-06:00  INFO 28631 --- [main] com.zaxxer.hikari.HikariDataSource       : HikariPool-1 - Starting...
2024-05-27T14:39:16.519-06:00  INFO 28631 --- [main] com.zaxxer.hikari.pool.HikariPool        : HikariPool-1 - Added connection com.mysql.cj.jdbc.ConnectionImpl@6009cd34
2024-05-27T14:39:16.521-06:00  INFO 28631 --- [main] com.zaxxer.hikari.HikariDataSource       : HikariPool-1 - Start completed.
2024-05-27T14:39:16.570-06:00  INFO 28631 --- [main] o.hibernate.jpa.internal.util.LogHelper  : HHH000204: Processing PersistenceUnitInfo [name: default]
2024-05-27T14:39:16.600-06:00  INFO 28631 --- [main] org.hibernate.Version                    : HHH000412: Hibernate ORM core version 6.2.13.Final
2024-05-27T14:39:16.602-06:00  INFO 28631 --- [main] org.hibernate.cfg.Environment            : HHH000406: Using bytecode reflection optimizer
2024-05-27T14:39:16.794-06:00  INFO 28631 --- [main] o.s.o.j.p.SpringPersistenceUnitInfo      : No LoadTimeWeaver setup: ignoring JPA class transformer
2024-05-27T14:39:17.763-06:00  INFO 28631 --- [main] o.h.e.t.j.p.i.JtaPlatformInitiator       : HHH000489: No JTA platform available (set 'hibernate.transaction.jta.platform' to enable JTA platform integration)
2024-05-27T14:39:17.765-06:00  INFO 28631 --- [main] j.LocalContainerEntityManagerFactoryBean : Initialized JPA EntityManagerFactory for persistence unit 'default'
2024-05-27T14:39:18.072-06:00  INFO 28631 --- [main] o.s.d.j.r.query.QueryEnhancerFactory     : Hibernate is in classpath; If applicable, HQL parser will be used.
2024-05-27T14:39:19.232-06:00  WARN 28631 --- [main] JpaBaseConfiguration$JpaWebConfiguration : spring.jpa.open-in-view is enabled by default. Therefore, database queries may be performed during view rendering. Explicitly configure spring.jpa.open-in-view to disable this warning
2024-05-27T14:39:19.287-06:00  INFO 28631 --- [main] o.s.s.web.DefaultSecurityFilterChain     : Will secure any request with [org.springframework.security.web.session.DisableEncodeUrlFilter@59ba219d, org.springframework.security.web.context.request.async.WebAsyncManagerIntegrationFilter@5cf69333, org.springframework.security.web.context.SecurityContextHolderFilter@22846025, org.springframework.security.web.header.HeaderWriterFilter@31167d7, org.springframework.web.filter.CorsFilter@79611f57, org.springframework.security.web.authentication.logout.LogoutFilter@3a6e8bc0, gt.edu.cunoc.sistemaeps.jwt.JwtAuthFilter@31741bb6, org.springframework.security.web.savedrequest.RequestCacheAwareFilter@2c9c7f4a, org.springframework.security.web.servletapi.SecurityContextHolderAwareRequestFilter@c634247, org.springframework.security.web.authentication.AnonymousAuthenticationFilter@38e10ff0, org.springframework.security.web.session.SessionManagementFilter@4bd5086d, org.springframework.security.web.access.ExceptionTranslationFilter@2533444a, org.springframework.security.web.access.intercept.AuthorizationFilter@740e38e9]
2024-05-27T14:39:19.648-06:00  INFO 28631 --- [main] g.e.c.s.SistemaEpsApplicationTests       : Started SistemaEpsApplicationTests in 4.667 seconds (process running for 5.315)
2024-05-27T14:39:20.128-06:00  INFO 28631 --- [SpringApplicationShutdownHook] j.LocalContainerEntityManagerFactoryBean : Closing JPA EntityManagerFactory for persistence unit 'default'
2024-05-27T14:39:20.130-06:00  INFO 28631 --- [SpringApplicationShutdownHook] com.zaxxer.hikari.HikariDataSource       : HikariPool-1 - Shutdown initiated...
2024-05-27T14:39:20.136-06:00  INFO 28631 --- [SpringApplicationShutdownHook] com.zaxxer.hikari.HikariDataSource       : HikariPool-1 - Shutdown completed.
